Build started 9/21/2016 3:26:11 PM.
     1>Project "c:\Users\esaraee\documents\visual studio 2013\Projects\CS585_lab5\CS585_lab5\CS585_lab5.vcxproj" on node 2 (Build target(s)).
     1>ClCompile:
         C:\Program Files (x86)\Microsoft Visual Studio 12.0\VC\bin\CL.exe /c /IC:\opencv\build\include /ZI /nologo /W3 /WX- /sdl /Od /Oy- /D WIN32 /D _DEBUG /D _CONSOLE /D _LIB /D _UNICODE /D UNICODE /Gm /EHsc /RTC1 /MTd /GS /fp:precise /Zc:wchar_t /Zc:forScope /Fo"Debug\\" /Fd"Debug\vc120.pdb" /Gd /TP /analyze- /errorReport:prompt Source.cpp
         Source.cpp
     1>c:\users\esaraee\documents\visual studio 2013\projects\cs585_lab5\cs585_lab5\source.cpp(110): warning C4018: '<' : signed/unsigned mismatch
     1>c:\users\esaraee\documents\visual studio 2013\projects\cs585_lab5\cs585_lab5\source.cpp(115): warning C4244: '=' : conversion from 'double' to 'int', possible loss of data
     1>c:\users\esaraee\documents\visual studio 2013\projects\cs585_lab5\cs585_lab5\source.cpp(181): warning C4018: '<' : signed/unsigned mismatch
     1>c:\users\esaraee\documents\visual studio 2013\projects\cs585_lab5\cs585_lab5\source.cpp(186): warning C4244: '=' : conversion from 'double' to 'int', possible loss of data
       Link:
         C:\Program Files (x86)\Microsoft Visual Studio 12.0\VC\bin\link.exe /ERRORREPORT:PROMPT /OUT:"c:\users\esaraee\documents\visual studio 2013\Projects\CS585_lab5\Debug\CS585_lab5.exe" /INCREMENTAL /NOLOGO /LIBPATH:C:\opencv\build\x64\vc14\lib opencv_world310d.lib kernel32.lib user32.lib gdi32.lib winspool.lib comdlg32.lib advapi32.lib shell32.lib ole32.lib oleaut32.lib uuid.lib odbc32.lib odbccp32.lib /MANIFEST /MANIFESTUAC:"level='asInvoker' uiAccess='false'" /manifest:embed /DEBUG /PDB:"c:\users\esaraee\documents\visual studio 2013\Projects\CS585_lab5\Debug\CS585_lab5.pdb" /SUBSYSTEM:CONSOLE /TLBID:1 /DYNAMICBASE /NXCOMPAT /IMPLIB:"c:\users\esaraee\documents\visual studio 2013\Projects\CS585_lab5\Debug\CS585_lab5.lib" /MACHINE:X86 Debug\Source.obj
     1>opencv_world310d.lib(opencv_world310d.dll) : fatal error LNK1112: module machine type 'x64' conflicts with target machine type 'X86'
     1>Done Building Project "c:\Users\esaraee\documents\visual studio 2013\Projects\CS585_lab5\CS585_lab5\CS585_lab5.vcxproj" (Build target(s)) -- FAILED.

Build FAILED.

Time Elapsed 00:00:00.84
